<?xml version="1.0" encoding="UTF-8" standalone="no"?><Users>
	<user>
	<username>ana23</username>
	 <password>efvhrjbgjhfnbh</password> 
	 <type>employee</type>
	</user>
</Users>